<?xml version="1.0" encoding="UTF-8"?>
<testng-results skipped="0" failed="1" ignored="0" total="4" passed="3">
  <reporter-output>
    <line>
      <![CDATA[About to begin executing test Test]]>
    </line>
    <line>
      <![CDATA[About to begin executing ExploretheCoursesRegistered.beforeMethod]]>
    </line>
    <line>
      <![CDATA[Completed executing ExploretheCoursesRegistered.beforeMethod]]>
    </line>
    <line>
      <![CDATA[About to begin executing ExploretheCoursesRegistered.main]]>
    </line>
    <line>
      <![CDATA[Completed executing ExploretheCoursesRegistered.main]]>
    </line>
    <line>
      <![CDATA[TestName = null]]>
    </line>
    <line>
      <![CDATA[Test Method resides in com.Edureka.Scripts.ExploretheCoursesRegistered]]>
    </line>
    <line>
      <![CDATA[Test Status: Failed]]>
    </line>
    <line>
      <![CDATA[com.Edureka.Scripts.ExploretheCoursesRegistered | main | FAILED]]>
    </line>
    <line>
      <![CDATA[About to begin executing ExploretheCoursesRegistered.afterMethod]]>
    </line>
    <line>
      <![CDATA[Completed executing ExploretheCoursesRegistered.afterMethod]]>
    </line>
    <line>
      <![CDATA[About to begin executing ExploreBlogsOnEdureka.beforeMethod]]>
    </line>
    <line>
      <![CDATA[Completed executing ExploreBlogsOnEdureka.beforeMethod]]>
    </line>
    <line>
      <![CDATA[About to begin executing ExploreBlogsOnEdureka.main]]>
    </line>
    <line>
      <![CDATA[SignIn Action is successfully perfomred]]>
    </line>
    <line>
      <![CDATA[Completed executing ExploreBlogsOnEdureka.main]]>
    </line>
    <line>
      <![CDATA[TestName = null]]>
    </line>
    <line>
      <![CDATA[Test Method resides in com.Edureka.Scripts.ExploreBlogsOnEdureka]]>
    </line>
    <line>
      <![CDATA[Test Status: Pass]]>
    </line>
    <line>
      <![CDATA[com.Edureka.Scripts.ExploreBlogsOnEdureka | main | PASSED]]>
    </line>
    <line>
      <![CDATA[About to begin executing ExploreBlogsOnEdureka.afterMethod]]>
    </line>
    <line>
      <![CDATA[Completed executing ExploreBlogsOnEdureka.afterMethod]]>
    </line>
    <line>
      <![CDATA[About to begin executing ExploreTheProductsOnEdureka.beforeMethod]]>
    </line>
    <line>
      <![CDATA[Completed executing ExploreTheProductsOnEdureka.beforeMethod]]>
    </line>
    <line>
      <![CDATA[About to begin executing ExploreTheProductsOnEdureka.main]]>
    </line>
    <line>
      <![CDATA[SignIn Action is successfully perfomred]]>
    </line>
    <line>
      <![CDATA[Completed executing ExploreTheProductsOnEdureka.main]]>
    </line>
    <line>
      <![CDATA[TestName = null]]>
    </line>
    <line>
      <![CDATA[Test Method resides in com.Edureka.Scripts.ExploreTheProductsOnEdureka]]>
    </line>
    <line>
      <![CDATA[Test Status: Pass]]>
    </line>
    <line>
      <![CDATA[com.Edureka.Scripts.ExploreTheProductsOnEdureka | main | PASSED]]>
    </line>
    <line>
      <![CDATA[About to begin executing ExploreTheProductsOnEdureka.afterMethod]]>
    </line>
    <line>
      <![CDATA[Completed executing ExploreTheProductsOnEdureka.afterMethod]]>
    </line>
    <line>
      <![CDATA[About to begin executing UpdateProfile.beforeMethod]]>
    </line>
    <line>
      <![CDATA[Completed executing UpdateProfile.beforeMethod]]>
    </line>
    <line>
      <![CDATA[About to begin executing UpdateProfile.main]]>
    </line>
    <line>
      <![CDATA[SignIn Action is successfully perfomred]]>
    </line>
    <line>
      <![CDATA[Completed executing UpdateProfile.main]]>
    </line>
    <line>
      <![CDATA[TestName = null]]>
    </line>
    <line>
      <![CDATA[Test Method resides in com.Edureka.Scripts.UpdateProfile]]>
    </line>
    <line>
      <![CDATA[Test Status: Pass]]>
    </line>
    <line>
      <![CDATA[com.Edureka.Scripts.UpdateProfile | main | PASSED]]>
    </line>
    <line>
      <![CDATA[About to begin executing UpdateProfile.afterMethod]]>
    </line>
    <line>
      <![CDATA[Completed executing UpdateProfile.afterMethod]]>
    </line>
  </reporter-output>
  <suite name="Suite" duration-ms="136717" started-at="2018-08-10T04:28:49Z" finished-at="2018-08-10T04:31:06Z">
    <groups>
    </groups>
    <test name="Test" duration-ms="136717" started-at="2018-08-10T04:28:49Z" finished-at="2018-08-10T04:31:06Z">
      <class name="com.Edureka.Scripts.ExploreBlogsOnEdureka">
        <test-method status="PASS" signature="beforeMethod()[pri:0, instance:com.Edureka.Scripts.ExploreBlogsOnEdureka@42e26948]" name="beforeMethod" is-config="true" duration-ms="7000" started-at="2018-08-10T09:59:17Z" finished-at="2018-08-10T09:59:24Z">
          <reporter-output>
            <line>
              <![CDATA[Completed executing ExploreBlogsOnEdureka.beforeMethod]]>
            </line>
          </reporter-output>
        </test-method> <!-- beforeMethod -->
        <test-method status="PASS" signature="main()[pri:0, instance:com.Edureka.Scripts.ExploreBlogsOnEdureka@42e26948]" name="main" duration-ms="16591" started-at="2018-08-10T09:59:24Z" finished-at="2018-08-10T09:59:41Z">
          <reporter-output>
            <line>
              <![CDATA[About to begin executing ExploreBlogsOnEdureka.main]]>
            </line>
            <line>
              <![CDATA[SignIn Action is successfully perfomred]]>
            </line>
            <line>
              <![CDATA[Completed executing ExploreBlogsOnEdureka.main]]>
            </line>
            <line>
              <![CDATA[TestName = null]]>
            </line>
            <line>
              <![CDATA[Test Method resides in com.Edureka.Scripts.ExploreBlogsOnEdureka]]>
            </line>
            <line>
              <![CDATA[Test Status: Pass]]>
            </line>
            <line>
              <![CDATA[com.Edureka.Scripts.ExploreBlogsOnEdureka | main | PASSED]]>
            </line>
            <line>
              <![CDATA[About to begin executing ExploreBlogsOnEdureka.afterMethod]]>
            </line>
          </reporter-output>
        </test-method> <!-- main -->
        <test-method status="PASS" signature="afterMethod()[pri:0, instance:com.Edureka.Scripts.ExploreBlogsOnEdureka@42e26948]" name="afterMethod" is-config="true" duration-ms="805" started-at="2018-08-10T09:59:41Z" finished-at="2018-08-10T09:59:41Z">
          <reporter-output>
            <line>
              <![CDATA[Completed executing ExploreBlogsOnEdureka.afterMethod]]>
            </line>
          </reporter-output>
        </test-method> <!-- afterMethod -->
      </class> <!-- com.Edureka.Scripts.ExploreBlogsOnEdureka -->
      <class name="com.Edureka.Scripts.ExploreTheProductsOnEdureka">
        <test-method status="PASS" signature="beforeMethod()[pri:0, instance:com.Edureka.Scripts.ExploreTheProductsOnEdureka@57baeedf]" name="beforeMethod" is-config="true" duration-ms="6057" started-at="2018-08-10T09:59:41Z" finished-at="2018-08-10T09:59:47Z">
          <reporter-output>
            <line>
              <![CDATA[Completed executing ExploreTheProductsOnEdureka.beforeMethod]]>
            </line>
          </reporter-output>
        </test-method> <!-- beforeMethod -->
        <test-method status="PASS" signature="main()[pri:0, instance:com.Edureka.Scripts.ExploreTheProductsOnEdureka@57baeedf]" name="main" duration-ms="45618" started-at="2018-08-10T09:59:47Z" finished-at="2018-08-10T10:00:33Z">
          <reporter-output>
            <line>
              <![CDATA[About to begin executing ExploreTheProductsOnEdureka.main]]>
            </line>
            <line>
              <![CDATA[SignIn Action is successfully perfomred]]>
            </line>
            <line>
              <![CDATA[Completed executing ExploreTheProductsOnEdureka.main]]>
            </line>
            <line>
              <![CDATA[TestName = null]]>
            </line>
            <line>
              <![CDATA[Test Method resides in com.Edureka.Scripts.ExploreTheProductsOnEdureka]]>
            </line>
            <line>
              <![CDATA[Test Status: Pass]]>
            </line>
            <line>
              <![CDATA[com.Edureka.Scripts.ExploreTheProductsOnEdureka | main | PASSED]]>
            </line>
            <line>
              <![CDATA[About to begin executing ExploreTheProductsOnEdureka.afterMethod]]>
            </line>
          </reporter-output>
        </test-method> <!-- main -->
        <test-method status="PASS" signature="afterMethod()[pri:0, instance:com.Edureka.Scripts.ExploreTheProductsOnEdureka@57baeedf]" name="afterMethod" is-config="true" duration-ms="2265" started-at="2018-08-10T10:00:33Z" finished-at="2018-08-10T10:00:35Z">
          <reporter-output>
            <line>
              <![CDATA[Completed executing ExploreTheProductsOnEdureka.afterMethod]]>
            </line>
          </reporter-output>
        </test-method> <!-- afterMethod -->
      </class> <!-- com.Edureka.Scripts.ExploreTheProductsOnEdureka -->
      <class name="com.Edureka.Scripts.UpdateProfile">
        <test-method status="PASS" signature="beforeMethod()[pri:0, instance:com.Edureka.Scripts.UpdateProfile@343f4d3d]" name="beforeMethod" is-config="true" duration-ms="6755" started-at="2018-08-10T10:00:35Z" finished-at="2018-08-10T10:00:42Z">
          <reporter-output>
            <line>
              <![CDATA[Completed executing UpdateProfile.beforeMethod]]>
            </line>
          </reporter-output>
        </test-method> <!-- beforeMethod -->
        <test-method status="PASS" signature="main()[pri:0, instance:com.Edureka.Scripts.UpdateProfile@343f4d3d]" name="main" duration-ms="21256" started-at="2018-08-10T10:00:42Z" finished-at="2018-08-10T10:01:03Z">
          <reporter-output>
            <line>
              <![CDATA[About to begin executing UpdateProfile.main]]>
            </line>
            <line>
              <![CDATA[SignIn Action is successfully perfomred]]>
            </line>
            <line>
              <![CDATA[Completed executing UpdateProfile.main]]>
            </line>
            <line>
              <![CDATA[TestName = null]]>
            </line>
            <line>
              <![CDATA[Test Method resides in com.Edureka.Scripts.UpdateProfile]]>
            </line>
            <line>
              <![CDATA[Test Status: Pass]]>
            </line>
            <line>
              <![CDATA[com.Edureka.Scripts.UpdateProfile | main | PASSED]]>
            </line>
            <line>
              <![CDATA[About to begin executing UpdateProfile.afterMethod]]>
            </line>
          </reporter-output>
        </test-method> <!-- main -->
        <test-method status="PASS" signature="afterMethod()[pri:0, instance:com.Edureka.Scripts.UpdateProfile@343f4d3d]" name="afterMethod" is-config="true" duration-ms="2571" started-at="2018-08-10T10:01:03Z" finished-at="2018-08-10T10:01:06Z">
          <reporter-output>
            <line>
              <![CDATA[Completed executing UpdateProfile.afterMethod]]>
            </line>
          </reporter-output>
        </test-method> <!-- afterMethod -->
      </class> <!-- com.Edureka.Scripts.UpdateProfile -->
      <class name="com.Edureka.Scripts.ExploretheCoursesRegistered">
        <test-method status="PASS" signature="beforeMethod()[pri:0, instance:com.Edureka.Scripts.ExploretheCoursesRegistered@1794d431]" name="beforeMethod" is-config="true" duration-ms="25897" started-at="2018-08-10T09:58:49Z" finished-at="2018-08-10T09:59:15Z">
          <reporter-output>
            <line>
              <![CDATA[Completed executing ExploretheCoursesRegistered.beforeMethod]]>
            </line>
          </reporter-output>
        </test-method> <!-- beforeMethod -->
        <test-method status="FAIL" signature="main()[pri:0, instance:com.Edureka.Scripts.ExploretheCoursesRegistered@1794d431]" name="main" duration-ms="1277" started-at="2018-08-10T09:59:15Z" finished-at="2018-08-10T09:59:16Z">
          <exception class="org.openqa.selenium.NoSuchWindowException">
            <message>
              <![CDATA[no such window: target window already closed
from unknown error: web view not found
  (Session info: chrome=67.0.3396.99)
  (Driver info: chromedriver=2.39.562718 (9a2698cba08cf5a471a29d30c8b3e12becabb0e9),platform=Windows NT 10.0.17134 x86_64) (WARNING: The server did not provide any stacktrace information)
Command duration or timeout: 0 milliseconds
Build info: version: '3.12.0', revision: '7c6e0b3', time: '2018-05-08T14:04:26.12Z'
System info: host: 'DESKTOP-MM29R1T', ip: '192.168.1.8', os.name: 'Windows 10', os.arch: 'amd64', os.version: '10.0', java.version: '1.8.0_102'
Driver info: org.openqa.selenium.chrome.ChromeDriver
Capabilities {acceptInsecureCerts: false, acceptSslCerts: false, applicationCacheEnabled: false, browserConnectionEnabled: false, browserName: chrome, chrome: {chromedriverVersion: 2.39.562718 (9a2698cba08cf5..., userDataDir: C:\Users\Anusree\AppData\Lo...}, cssSelectorsEnabled: true, databaseEnabled: false, handlesAlerts: true, hasTouchScreen: false, javascriptEnabled: true, locationContextEnabled: true, mobileEmulationEnabled: false, nativeEvents: true, networkConnectionEnabled: false, pageLoadStrategy: normal, platform: XP, platformName: XP, rotatable: false, setWindowRect: true, takesHeapSnapshot: true, takesScreenshot: true, unexpectedAlertBehaviour: , unhandledPromptBehavior: , version: 67.0.3396.99, webStorageEnabled: true}
Session ID: 710795a93870eaf929d4898116d0df3c
*** Element info: {Using=id, value=inputName}]]>
            </message>
            <full-stacktrace>
              <![CDATA[org.openqa.selenium.NoSuchWindowException: no such window: target window already closed
from unknown error: web view not found
  (Session info: chrome=67.0.3396.99)
  (Driver info: chromedriver=2.39.562718 (9a2698cba08cf5a471a29d30c8b3e12becabb0e9),platform=Windows NT 10.0.17134 x86_64) (WARNING: The server did not provide any stacktrace information)
Command duration or timeout: 0 milliseconds
Build info: version: '3.12.0', revision: '7c6e0b3', time: '2018-05-08T14:04:26.12Z'
System info: host: 'DESKTOP-MM29R1T', ip: '192.168.1.8', os.name: 'Windows 10', os.arch: 'amd64', os.version: '10.0', java.version: '1.8.0_102'
Driver info: org.openqa.selenium.chrome.ChromeDriver
Capabilities {acceptInsecureCerts: false, acceptSslCerts: false, applicationCacheEnabled: false, browserConnectionEnabled: false, browserName: chrome, chrome: {chromedriverVersion: 2.39.562718 (9a2698cba08cf5..., userDataDir: C:\Users\Anusree\AppData\Lo...}, cssSelectorsEnabled: true, databaseEnabled: false, handlesAlerts: true, hasTouchScreen: false, javascriptEnabled: true, locationContextEnabled: true, mobileEmulationEnabled: false, nativeEvents: true, networkConnectionEnabled: false, pageLoadStrategy: normal, platform: XP, platformName: XP, rotatable: false, setWindowRect: true, takesHeapSnapshot: true, takesScreenshot: true, unexpectedAlertBehaviour: , unhandledPromptBehavior: , version: 67.0.3396.99, webStorageEnabled: true}
Session ID: 710795a93870eaf929d4898116d0df3c
*** Element info: {Using=id, value=inputName}
	at sun.reflect.NativeConstructorAccessorImpl.newInstance0(Native Method)
	at sun.reflect.NativeConstructorAccessorImpl.newInstance(Unknown Source)
	at sun.reflect.DelegatingConstructorAccessorImpl.newInstance(Unknown Source)
	at java.lang.reflect.Constructor.newInstance(Unknown Source)
	at org.openqa.selenium.remote.ErrorHandler.createThrowable(ErrorHandler.java:214)
	at org.openqa.selenium.remote.ErrorHandler.throwIfResponseFailed(ErrorHandler.java:166)
	at org.openqa.selenium.remote.http.JsonHttpResponseCodec.reconstructValue(JsonHttpResponseCodec.java:40)
	at org.openqa.selenium.remote.http.AbstractHttpResponseCodec.decode(AbstractHttpResponseCodec.java:80)
	at org.openqa.selenium.remote.http.AbstractHttpResponseCodec.decode(AbstractHttpResponseCodec.java:44)
	at org.openqa.selenium.remote.HttpCommandExecutor.execute(HttpCommandExecutor.java:158)
	at org.openqa.selenium.remote.service.DriverCommandExecutor.execute(DriverCommandExecutor.java:83)
	at org.openqa.selenium.remote.RemoteWebDriver.execute(RemoteWebDriver.java:543)
	at org.openqa.selenium.remote.RemoteWebDriver.findElement(RemoteWebDriver.java:317)
	at org.openqa.selenium.remote.RemoteWebDriver.findElementById(RemoteWebDriver.java:363)
	at org.openqa.selenium.By$ById.findElement(By.java:188)
	at org.openqa.selenium.remote.RemoteWebDriver.findElement(RemoteWebDriver.java:309)
	at org.openqa.selenium.support.pagefactory.DefaultElementLocator.findElement(DefaultElementLocator.java:69)
	at org.openqa.selenium.support.pagefactory.internal.LocatingElementHandler.invoke(LocatingElementHandler.java:38)
	at com.sun.proxy.$Proxy6.getCoordinates(Unknown Source)
	at org.openqa.selenium.interactions.internal.MouseAction.getActionLocation(MouseAction.java:65)
	at org.openqa.selenium.interactions.MoveMouseAction.perform(MoveMouseAction.java:43)
	at org.openqa.selenium.interactions.CompositeAction.perform(CompositeAction.java:36)
	at org.openqa.selenium.interactions.Actions$BuiltAction.perform(Actions.java:641)
	at com.Edureka.Actions.SignIn_Action.Execute(SignIn_Action.java:46)
	at com.Edureka.Scripts.ExploretheCoursesRegistered.main(ExploretheCoursesRegistered.java:27)
	at sun.reflect.NativeMethodAccessorImpl.invoke0(Native Method)
	at sun.reflect.NativeMethodAccessorImpl.invoke(Unknown Source)
	at sun.reflect.DelegatingMethodAccessorImpl.invoke(Unknown Source)
	at java.lang.reflect.Method.invoke(Unknown Source)
	at org.testng.internal.MethodInvocationHelper.invokeMethod(MethodInvocationHelper.java:104)
	at org.testng.internal.Invoker.invokeMethod(Invoker.java:645)
	at org.testng.internal.Invoker.invokeTestMethod(Invoker.java:851)
	at org.testng.internal.Invoker.invokeTestMethods(Invoker.java:1177)
	at org.testng.internal.TestMethodWorker.invokeTestMethods(TestMethodWorker.java:129)
	at org.testng.internal.TestMethodWorker.run(TestMethodWorker.java:112)
	at org.testng.TestRunner.privateRun(TestRunner.java:756)
	at org.testng.TestRunner.run(TestRunner.java:610)
	at org.testng.SuiteRunner.runTest(SuiteRunner.java:387)
	at org.testng.SuiteRunner.runSequentially(SuiteRunner.java:382)
	at org.testng.SuiteRunner.privateRun(SuiteRunner.java:340)
	at org.testng.SuiteRunner.run(SuiteRunner.java:289)
	at org.testng.SuiteRunnerWorker.runSuite(SuiteRunnerWorker.java:52)
	at org.testng.SuiteRunnerWorker.run(SuiteRunnerWorker.java:86)
	at org.testng.TestNG.runSuitesSequentially(TestNG.java:1293)
	at org.testng.TestNG.runSuitesLocally(TestNG.java:1218)
	at org.testng.TestNG.runSuites(TestNG.java:1133)
	at org.testng.TestNG.run(TestNG.java:1104)
	at org.testng.remote.AbstractRemoteTestNG.run(AbstractRemoteTestNG.java:114)
	at org.testng.remote.RemoteTestNG.initAndRun(RemoteTestNG.java:251)
	at org.testng.remote.RemoteTestNG.main(RemoteTestNG.java:77)
]]>
            </full-stacktrace>
          </exception> <!-- org.openqa.selenium.NoSuchWindowException -->
          <reporter-output>
            <line>
              <![CDATA[About to begin executing ExploretheCoursesRegistered.main]]>
            </line>
            <line>
              <![CDATA[Completed executing ExploretheCoursesRegistered.main]]>
            </line>
            <line>
              <![CDATA[TestName = null]]>
            </line>
            <line>
              <![CDATA[Test Method resides in com.Edureka.Scripts.ExploretheCoursesRegistered]]>
            </line>
            <line>
              <![CDATA[Test Status: Failed]]>
            </line>
            <line>
              <![CDATA[com.Edureka.Scripts.ExploretheCoursesRegistered | main | FAILED]]>
            </line>
            <line>
              <![CDATA[About to begin executing ExploretheCoursesRegistered.afterMethod]]>
            </line>
          </reporter-output>
        </test-method> <!-- main -->
        <test-method status="PASS" signature="afterMethod()[pri:0, instance:com.Edureka.Scripts.ExploretheCoursesRegistered@1794d431]" name="afterMethod" is-config="true" duration-ms="567" started-at="2018-08-10T09:59:16Z" finished-at="2018-08-10T09:59:17Z">
          <reporter-output>
            <line>
              <![CDATA[Completed executing ExploretheCoursesRegistered.afterMethod]]>
            </line>
          </reporter-output>
        </test-method> <!-- afterMethod -->
      </class> <!-- com.Edureka.Scripts.ExploretheCoursesRegistered -->
    </test> <!-- Test -->
  </suite> <!-- Suite -->
</testng-results>
